Enter row# col# player#: 2 4 1
 | | | 
-+-+-+-
 | | |1
-+-+-+-
 | | | 
-+-+-+-
 | | | 

Enter row# col# player#: 3 1 2
 | | | 
-+-+-+-
 | | |1
-+-+-+-
2| | | 
-+-+-+-
 | | | 

Enter row# col# player#: 4 1 3
 | | | 
-+-+-+-
 | | |1
-+-+-+-
2| | | 
-+-+-+-
3| | | 

Enter row# col# player#: 2 3 1
 | | | 
-+-+-+-
 | |1|1
-+-+-+-
2| | | 
-+-+-+-
3| | | 

Enter row# col# player#: 3 2 2
 | | | 
-+-+-+-
 | |1|1
-+-+-+-
2|2| | 
-+-+-+-
3| | | 

Enter row# col# player#: 4 3 3
 | | | 
-+-+-+-
 | |1|1
-+-+-+-
2|2| | 
-+-+-+-
3| |3| 

Enter row# col# player#: 2 2 1
 | | | 
-+-+-+-
 |1|1|1
-+-+-+-
2|2| | 
-+-+-+-
3| |3| 

Enter row# col# player#: 3 3 2
 | | | 
-+-+-+-
 |1|1|1
-+-+-+-
2|2|2| 
-+-+-+-
3| |3| 

Enter row# col# player#: 4 2 3
 | | | 
-+-+-+-
 |1|1|1
-+-+-+-
2|2|2| 
-+-+-+-
3|3|3| 

Enter row# col# player#: 2 1 1
Player 1 wins!

 | | | 
-+-+-+-
1|1|1|1
-+-+-+-
2|2|2| 
-+-+-+-
3|3|3| 


